#
# There is insufficient memory for the Java Runtime Environment to continue.
# Native memory allocation (mmap) failed to map 266338304 bytes. Error detail: G1 virtual space
# Possible reasons:
#   The system is out of physical RAM or swap space
#   This process is running with CompressedOops enabled, and the Java Heap may be blocking the growth of the native heap
# Possible solutions:
#   Reduce memory load on the system
#   Increase physical memory or swap space
#   Check if swap backing store is full
#   Decrease Java heap size (-Xmx/-Xms)
#   Decrease number of Java threads
#   Decrease Java thread stack sizes (-Xss)
#   Set larger code cache with -XX:ReservedCodeCacheSize=
#   JVM is running with Zero Based Compressed Oops mode in which the Java heap is
#     placed in the first 32GB address space. The Java Heap base address is the
#     maximum limit for the native heap growth. Please use -XX:HeapBaseMinAddress
#     to set the Java Heap base and to place the Java Heap above 32GB virtual address.
# This output file may be truncated or incomplete.
#
#  Out of Memory Error (os_windows.cpp:3554), pid=34452, tid=41104
#
# JRE version:  (25.0+37) (build )
# Java VM: Java HotSpot(TM) 64-Bit Server VM (25+37-LTS-3491, mixed mode, sharing, tiered, compressed oops, compressed class ptrs, g1 gc, windows-amd64)
# No core dump will be written. Minidumps are not enabled by default on client versions of Windows
#

---------------  S U M M A R Y ------------

Command Line: C:\Users\Andre\AppData\Local\Temp\surefire18091681404989652836\surefirebooter-20260518082713007_3.jar C:\Users\Andre\AppData\Local\Temp\surefire18091681404989652836 2026-05-18T08-27-08_421-jvmRun1 surefire-20260518082713007_1tmp surefire_0-20260518082713007_2tmp

Host: Intel(R) Core(TM) i5-10210U CPU @ 1.60GHz, 8 cores, 15G,  Windows 11 , 64 bit Build 26100 (10.0.26100.8246)
Time: Mon May 18 08:27:13 2026 Hora est嫕dar Monta鎙s (M憖ico) elapsed time: 0.052836 seconds (0d 0h 0m 0s)

---------------  T H R E A D  ---------------

Current thread (0x000001d8ef4135e0):  JavaThread "Unknown thread" [_thread_in_vm, id=41104, stack(0x00000067a7300000,0x00000067a7400000) (1024K)]

Stack: [0x00000067a7300000,0x00000067a7400000]
Native frames: (J=compiled Java code, j=interpreted, Vv=VM code, C=native code)
V  [jvm.dll+0x7a6a39]  (no source info available)
V  [jvm.dll+0x7727ed]  (no source info available)
V  [jvm.dll+0x965f33]  (no source info available)
V  [jvm.dll+0x968531]  (no source info available)
V  [jvm.dll+0x968c33]  (no source info available)
V  [jvm.dll+0x2fc756]  (no source info available)
V  [jvm.dll+0x7a2c65]  (no source info available)
V  [jvm.dll+0x796077]  (no source info available)
V  [jvm.dll+0x3f4698]  (no source info available)
V  [jvm.dll+0x3fc5b6]  (no source info available)
V  [jvm.dll+0x3e8c8e]  (no source info available)
V  [jvm.dll+0x3e8f48]  (no source info available)
V  [jvm.dll+0x3c0045]  (no source info available)
V  [jvm.dll+0x3c0cce]  (no source info available)
V  [jvm.dll+0x92c647]  (no source info available)
V  [jvm.dll+0x458b62]  (no source info available)
V  [jvm.dll+0x90fff2]  (no source info available)
V  [jvm.dll+0x4f9001]  (no source info available)
V  [jvm.dll+0x4fa891]  (no source info available)
C  [jli.dll+0x543e]  (no source info available)
C  [ucrtbase.dll+0x37b0]  (no source info available)
C  [KERNEL32.DLL+0x2e8d7]  (no source info available)
C  [ntdll.dll+0x8c3fc]  (no source info available)

Lock stack of current Java thread (top to bottom):


---------------  P R O C E S S  ---------------

Threads class SMR info:
_java_thread_list=0x00007ffee84c5308, length=0, elements={
}

Java Threads: ( => current thread )
Total: 0

Other Threads:
  0x000001d8f17f5370 WorkerThread "GC Thread#0"                     [id=28384, stack(0x00000067a7400000,0x00000067a7500000) (1024K)]
  0x000001d8f184be60 ConcurrentGCThread "G1 Main Marker"            [id=27292, stack(0x00000067a7500000,0x00000067a7600000) (1024K)]
  0x000001d8f184d1a0 WorkerThread "G1 Conc#0"                       [id=2156, stack(0x00000067a7600000,0x00000067a7700000) (1024K)]

[error occurred during error reporting (printing all threads), id 0xc0000005, EXCEPTION_ACCESS_VIOLATION (0xc0000005) at pc=0x00007ffee7ba4c2a]
VM state: not at safepoint (not fully initialized)

VM Mutex/Monitor currently owned by a thread:  ([mutex/lock_event])
[0x00007ffee8549628] Heap_lock - owner thread: 0x000001d8ef4135e0

Heap address: 0x0000000703e00000, size: 4034 MB, Compressed Oops mode: Zero based, Oop shift amount: 3

CDS archive(s) mapped at: [0x0000000000000000-0x0000000000000000-0x0000000000000000), size 0, SharedBaseAddress: 0x0000000800000000, ArchiveRelocationMode: 1.
UseCompressedClassPointers 1, UseCompactObjectHeaders 0
Narrow klass pointer bits 32, Max shift 3
Narrow klass base: 0xffffffffffffffff, Narrow klass shift: -1
Encoding Range: [0xffffffffffffffff - 0x000000007fffffff), (2147483648 bytes)
Klass Range:    [0x0000000000000000 - 0x0000000000000000), (0 bytes)
Klass ID Range:  [4294967295 - 0) (1)
No protection zone.

GC Precious Log:
 CardTable entry size: 512
 Card Set container configuration: InlinePtr #cards 4 size 8 Array Of Cards #cards 16 size 48 Howl #buckets 8 coarsen threshold 3686 Howl Bitmap #cards 512 size 80 coarsen threshold 460 Card regions per heap region 1 cards per card region 4096

Heap:
 garbage-first heap   total reserved 4130816K, committed 0K, used 0K [0x0000000703e00000, 0x0000000800000000)
  region size 2048K, 0 young (0K), 0 survivors (0K)

Heap Regions: E=young(eden), S=young(survivor), O=old, HS=humongous(starts), HC=humongous(continues), CS=collection set, F=free, TAMS=top-at-mark-start, PB=parsable bottom

Card table byte_map: [0x000001d8fab30000,0x000001d8fb320000] _byte_map_base: 0x000001d8f7311000

Marking Bits: (CMBitMap*) 0x000001d8f17f5b00
 Bits: [0x000001d8fb320000, 0x000001d8ff228000)

GC Heap Usage History (0 events):
No events

Metaspace Usage History (0 events):
No events

Dll operation events (1 events):
Event: 0.037 Loaded shared library C:\Program Files\Java\jdk-25\bin\java.dll

Deoptimization events (0 events):
No events

Classes loaded (0 events):
No events

Classes unloaded (0 events):
No events

Classes redefined (0 events):
No events

Internal exceptions (0 events):
No events

VM Operations (0 events):
No events

Memory protections (0 events):
No events

Nmethod flushes (0 events):
No events

Events (0 events):
No events


Dynamic libraries:
0x00007ff604420000 - 0x00007ff604430000 	C:\Program Files\Java\jdk-25\bin\java.exe
0x00007fff905e0000 - 0x00007fff90847000 	C:\WINDOWS\SYSTEM32\ntdll.dll
0x00007fff8f600000 - 0x00007fff8f6c9000 	C:\WINDOWS\System32\KERNEL32.DLL
0x00007fff8d250000 - 0x00007fff8d644000 	C:\WINDOWS\System32\KERNELBASE.dll
0x00007fff8d780000 - 0x00007fff8d8cb000 	C:\WINDOWS\System32\ucrtbase.dll
0x00007fff84e80000 - 0x00007fff84e97000 	C:\Program Files\Java\jdk-25\bin\jli.dll
0x00007fff84f00000 - 0x00007fff84f1e000 	C:\Program Files\Java\jdk-25\bin\VCRUNTIME140.dll
0x00007fff8f9c0000 - 0x00007fff8fb85000 	C:\WINDOWS\System32\USER32.dll
0x00007fff8da40000 - 0x00007fff8da67000 	C:\WINDOWS\System32\win32u.dll
0x00007fff90570000 - 0x00007fff9059b000 	C:\WINDOWS\System32\GDI32.dll
0x00007fff8d650000 - 0x00007fff8d77b000 	C:\WINDOWS\System32\gdi32full.dll
0x00007fff6e6d0000 - 0x00007fff6e963000 	C:\WINDOWS\WinSxS\amd64_microsoft.windows.common-controls_6595b64144ccf1df_6.0.26100.8115_none_3e075c82e3354f9c\COMCTL32.dll
0x00007fff8d990000 - 0x00007fff8da33000 	C:\WINDOWS\System32\msvcp_win.dll
0x00007fff90020000 - 0x00007fff900c9000 	C:\WINDOWS\System32\msvcrt.dll
0x00007fff903b0000 - 0x00007fff903e2000 	C:\WINDOWS\System32\IMM32.DLL
0x00007fff84fa0000 - 0x00007fff84fac000 	C:\Program Files\Java\jdk-25\bin\vcruntime140_1.dll
0x00007fff7d3d0000 - 0x00007fff7d45d000 	C:\Program Files\Java\jdk-25\bin\msvcp140.dll
0x00007ffee77d0000 - 0x00007ffee862f000 	C:\Program Files\Java\jdk-25\bin\server\jvm.dll
0x00007fff903f0000 - 0x00007fff904a6000 	C:\WINDOWS\System32\ADVAPI32.dll
0x00007fff8ec60000 - 0x00007fff8ed07000 	C:\WINDOWS\System32\sechost.dll
0x00007fff8f6e0000 - 0x00007fff8f7f8000 	C:\WINDOWS\System32\RPCRT4.dll
0x00007fff8ebd0000 - 0x00007fff8ec50000 	C:\WINDOWS\System32\WS2_32.dll
0x00007fff8cd10000 - 0x00007fff8cd6e000 	C:\WINDOWS\SYSTEM32\POWRPROF.dll
0x00007fff6e990000 - 0x00007fff6e9c6000 	C:\WINDOWS\SYSTEM32\WINMM.dll
0x00007fff81980000 - 0x00007fff8198b000 	C:\WINDOWS\SYSTEM32\VERSION.dll
0x00007fff8ccf0000 - 0x00007fff8cd04000 	C:\WINDOWS\SYSTEM32\UMPDC.dll
0x00007fff8bc40000 - 0x00007fff8bc5b000 	C:\WINDOWS\SYSTEM32\kernel.appcore.dll
0x00007fff84f70000 - 0x00007fff84f7a000 	C:\Program Files\Java\jdk-25\bin\jimage.dll
0x00007fff85280000 - 0x00007fff854c2000 	C:\WINDOWS\SYSTEM32\DBGHELP.DLL
0x00007fff8fc90000 - 0x00007fff90012000 	C:\WINDOWS\System32\combase.dll
0x00007fff902d0000 - 0x00007fff903a8000 	C:\WINDOWS\System32\OLEAUT32.dll
0x00007fff6c810000 - 0x00007fff6c84b000 	C:\WINDOWS\SYSTEM32\dbgcore.DLL
0x00007fff8d030000 - 0x00007fff8d0d5000 	C:\WINDOWS\System32\bcryptPrimitives.dll
0x00007fff814e0000 - 0x00007fff814ff000 	C:\Program Files\Java\jdk-25\bin\java.dll
0x00007fff8f820000 - 0x00007fff8f9b7000 	C:\WINDOWS\System32\ole32.dll
0x00007fff8e460000 - 0x00007fff8ebc7000 	C:\WINDOWS\System32\SHELL32.dll
0x00007fff8d0e0000 - 0x00007fff8d24a000 	C:\WINDOWS\System32\wintypes.dll

JVMTI agents: none

dbghelp: loaded successfully - version: 4.0.5 - missing functions: none
symbol engine: initialized successfully - sym options: 0x614 - pdb path: .;C:\Program Files\Java\jdk-25\bin;C:\WINDOWS\SYSTEM32;C:\WINDOWS\WinSxS\amd64_microsoft.windows.common-controls_6595b64144ccf1df_6.0.26100.8115_none_3e075c82e3354f9c;C:\Program Files\Java\jdk-25\bin\server

VM Arguments:
java_command: C:\Users\Andre\AppData\Local\Temp\surefire18091681404989652836\surefirebooter-20260518082713007_3.jar C:\Users\Andre\AppData\Local\Temp\surefire18091681404989652836 2026-05-18T08-27-08_421-jvmRun1 surefire-20260518082713007_1tmp surefire_0-20260518082713007_2tmp
java_class_path (initial): C:\Users\Andre\AppData\Local\Temp\surefire18091681404989652836\surefirebooter-20260518082713007_3.jar
Launcher Type: SUN_STANDARD

[Global flags]
     intx CICompilerCount                          = 4                                         {product} {ergonomic}
     uint ConcGCThreads                            = 2                                         {product} {ergonomic}
     uint G1ConcRefinementThreads                  = 8                                         {product} {ergonomic}
   size_t G1HeapRegionSize                         = 2097152                                   {product} {ergonomic}
   size_t InitialHeapSize                          = 266338304                                 {product} {ergonomic}
   size_t MarkStackSize                            = 4194304                                   {product} {ergonomic}
   size_t MarkStackSizeMax                         = 536870912                                 {product} {ergonomic}
   size_t MaxHeapSize                              = 4229955584                                {product} {ergonomic}
   size_t MinHeapDeltaBytes                        = 2097152                                   {product} {ergonomic}
   size_t MinHeapSize                              = 8388608                                   {product} {ergonomic}
    uintx NonNMethodCodeHeapSize                   = 5832704                                {pd product} {ergonomic}
    uintx NonProfiledCodeHeapSize                  = 122945536                              {pd product} {ergonomic}
    uintx ProfiledCodeHeapSize                     = 122880000                              {pd product} {ergonomic}
    uintx ReservedCodeCacheSize                    = 251658240                              {pd product} {ergonomic}
     bool SegmentedCodeCache                       = true                                      {product} {ergonomic}
   size_t SoftMaxHeapSize                          = 4229955584                             {manageable} {ergonomic}
     bool UseCompressedOops                        = true                           {product lp64_product} {ergonomic}
     bool UseG1GC                                  = true                                      {product} {ergonomic}
     bool UseLargePagesIndividualAllocation        = false                                  {pd product} {ergonomic}

Logging:
Log output configuration:
 #0: stdout all=warning uptime,level,tags foldmultilines=false
 #1: stderr all=off uptime,level,tags foldmultilines=false

Release file:
<release file has not been read>
Environment Variables:
JAVA_HOME=C:\Program Files\Java\jdk-25
PATH=C:\Program Files\Common Files\Oracle\Java\javapath;C:\Program Files (x86)\Common Files\Oracle\Java\javapath;C:\WINDOWS\system32;C:\WINDOWS;C:\WINDOWS\System32\Wbem;C:\WINDOWS\System32\WindowsPowerShell\v1.0\;C:\WINDOWS\System32\OpenSSH\;C:\Program Files\dotnet\;C:\Program Files\Git\cmd;C:\Users\Andre\AppData\Local\Programs\Python\Launcher\;C:\Users\Andre\AppData\Local\Microsoft\WindowsApps;C:\Users\Andre\AppData\Local\Programs\Microsoft VS Code\bin;C:\Users\Andre\AppData\Local\GitHubDesktop\bin;C:\Usuarios\Andre\apache-maven-3.9.12\bin;
USERNAME=Andre
OS=Windows_NT
PROCESSOR_IDENTIFIER=Intel64 Family 6 Model 142 Stepping 12, GenuineIntel
TMP=C:\Users\Andre\AppData\Local\Temp
TEMP=C:\Users\Andre\AppData\Local\Temp




Compilation memory statistics disabled.

Periodic native trim disabled

---------------  S Y S T E M  ---------------

OS:
 Windows 11 , 64 bit Build 26100 (10.0.26100.8246)
OS uptime: 19 days 3:56 hours

CPU: total 8 (initial active 8) (4 cores per cpu, 2 threads per core) family 6 model 142 stepping 12 microcode 0xe4, cx8, cmov, fxsr, ht, mmx, 3dnowpref, sse, sse2, sse3, ssse3, sse4.1, sse4.2, popcnt, lzcnt, tsc, tscinvbit, avx, avx2, aes, erms, clmul, bmi1, bmi2, adx, fma, vzeroupper, clflush, clflushopt, rdtscp, f16c
Processor Information for processor 0
  Max Mhz: 2112, Current Mhz: 1508, Mhz Limit: 1605
Processor Information for processor 1
  Max Mhz: 2112, Current Mhz: 1508, Mhz Limit: 1605
Processor Information for processor 2
  Max Mhz: 2112, Current Mhz: 1508, Mhz Limit: 1605
Processor Information for processor 3
  Max Mhz: 2112, Current Mhz: 1508, Mhz Limit: 1605
Processor Information for processor 4
  Max Mhz: 2112, Current Mhz: 1508, Mhz Limit: 1605
Processor Information for processor 5
  Max Mhz: 2112, Current Mhz: 1508, Mhz Limit: 1605
Processor Information for processor 6
  Max Mhz: 2112, Current Mhz: 1508, Mhz Limit: 1605
Processor Information for processor 7
  Max Mhz: 2112, Current Mhz: 1609, Mhz Limit: 1605

Memory: 4k page, system-wide physical 16134M (3831M free)
TotalPageFile size 22024M (AvailPageFile size 251M)
current process WorkingSet (physical memory assigned to process): 14M, peak: 14M
current process commit charge ("private bytes"): 61M, peak: 315M

vm_info: Java HotSpot(TM) 64-Bit Server VM (25+37-LTS-3491) for windows-amd64 JRE (25+37-LTS-3491), built on 2025-08-14T21:13:00Z with unknown MS VC++:1943

END.
